2023-08-23 12:20:15.614  INFO 20300 --- [restartedMain] i.g.c.m.AvaliadorCreditoApplication      : Starting AvaliadorCreditoApplication using Java 18.0.2.1 on vinizera with PID 20300 (D:\Projects\Patrik\curso-microservices-springcloud\msavaliadorcredito\target\classes started by vinic in D:\Projects\Patrik\curso-microservices-springcloud\msavaliadorcredito)
2023-08-23 12:20:15.614  INFO 20300 --- [restartedMain] i.g.c.m.AvaliadorCreditoApplication      : No active profile set, falling back to 1 default profile: "default"
2023-08-23 12:20:15.677  INFO 20300 --- [restartedMain] .e.DevToolsPropertyDefaultsPostProcessor : Devtools property defaults active! Set 'spring.devtools.add-properties' to 'false' to disable
2023-08-23 12:20:15.677  INFO 20300 --- [restartedMain] .e.DevToolsPropertyDefaultsPostProcessor : For additional web related logging consider setting the 'logging.level.web' property to 'DEBUG'
2023-08-23 12:20:16.990  INFO 20300 --- [restartedMain] o.s.cloud.context.scope.GenericScope     : BeanFactory id=56d69309-9296-3d0f-af69-650533cbafeb
2023-08-23 12:20:17.505  INFO 20300 --- [restartedMain] o.s.b.w.embedded.tomcat.TomcatWebServer  : Tomcat initialized with port(s): 0 (http)
2023-08-23 12:20:17.513  INFO 20300 --- [restartedMain] o.apache.catalina.core.StandardService   : Starting service [Tomcat]
2023-08-23 12:20:17.513  INFO 20300 --- [restartedMain] org.apache.catalina.core.StandardEngine  : Starting Servlet engine: [Apache Tomcat/9.0.63]
2023-08-23 12:20:17.622  INFO 20300 --- [restartedMain] o.a.c.c.C.[Tomcat].[localhost].[/]       : Initializing Spring embedded WebApplicationContext
2023-08-23 12:20:17.622  INFO 20300 --- [restartedMain] w.s.c.ServletWebServerApplicationContext : Root WebApplicationContext: initialization completed in 1944 ms
2023-08-23 12:20:17.969  INFO 20300 --- [restartedMain] o.s.b.d.a.OptionalLiveReloadServer       : LiveReload server is running on port 35729
2023-08-23 12:20:18.029  INFO 20300 --- [restartedMain] o.s.c.openfeign.FeignClientFactoryBean   : For 'msclientes' URL not provided. Will try picking an instance via load-balancing.
2023-08-23 12:20:18.098  INFO 20300 --- [restartedMain] o.s.c.openfeign.FeignClientFactoryBean   : For 'mscartoes' URL not provided. Will try picking an instance via load-balancing.
2023-08-23 12:20:19.577  INFO 20300 --- [restartedMain] DiscoveryClientOptionalArgsConfiguration : Eureka HTTP Client uses RestTemplate.
2023-08-23 12:20:19.623  WARN 20300 --- [restartedMain] iguration$LoadBalancerCaffeineWarnLogger : Spring Cloud LoadBalancer is currently working with the default cache. While this cache implementation is useful for development and tests, it's recommended to use Caffeine cache in production.You can switch to using Caffeine cache, by adding it and org.springframework.cache.caffeine.CaffeineCacheManager to the classpath.
2023-08-23 12:20:19.635  INFO 20300 --- [restartedMain] o.s.b.a.e.web.EndpointLinksResolver      : Exposing 17 endpoint(s) beneath base path '/actuator'
2023-08-23 12:20:19.740  INFO 20300 --- [restartedMain] o.s.b.w.embedded.tomcat.TomcatWebServer  : Tomcat started on port(s): 53464 (http) with context path ''
2023-08-23 12:20:19.741  INFO 20300 --- [restartedMain] .s.c.n.e.s.EurekaAutoServiceRegistration : Updating port to 53464
2023-08-23 12:20:19.746  INFO 20300 --- [restartedMain] o.s.c.n.eureka.InstanceInfoFactory       : Setting initial instance status as: STARTING
2023-08-23 12:20:19.776  INFO 20300 --- [restartedMain] com.netflix.discovery.DiscoveryClient    : Initializing Eureka in region us-east-1
2023-08-23 12:20:19.784  INFO 20300 --- [restartedMain] c.n.d.s.r.aws.ConfigClusterResolver      : Resolving eureka endpoints via configuration
2023-08-23 12:20:19.804  INFO 20300 --- [restartedMain] com.netflix.discovery.DiscoveryClient    : Disable delta property : false
2023-08-23 12:20:19.804  INFO 20300 --- [restartedMain] com.netflix.discovery.DiscoveryClient    : Single vip registry refresh property : null
2023-08-23 12:20:19.804  INFO 20300 --- [restartedMain] com.netflix.discovery.DiscoveryClient    : Force full registry fetch : false
2023-08-23 12:20:19.804  INFO 20300 --- [restartedMain] com.netflix.discovery.DiscoveryClient    : Application is null : false
2023-08-23 12:20:19.804  INFO 20300 --- [restartedMain] com.netflix.discovery.DiscoveryClient    : Registered Applications size is zero : true
2023-08-23 12:20:19.804  INFO 20300 --- [restartedMain] com.netflix.discovery.DiscoveryClient    : Application version is -1: true
2023-08-23 12:20:19.804  INFO 20300 --- [restartedMain] com.netflix.discovery.DiscoveryClient    : Getting all instance registry info from the eureka server
2023-08-23 12:20:20.316  INFO 20300 --- [restartedMain] com.netflix.discovery.DiscoveryClient    : The response status is 200
2023-08-23 12:20:20.318  INFO 20300 --- [restartedMain] com.netflix.discovery.DiscoveryClient    : Starting heartbeat executor: renew interval is: 30
2023-08-23 12:20:20.320  INFO 20300 --- [restartedMain] c.n.discovery.InstanceInfoReplicator     : InstanceInfoReplicator onDemand update allowed rate per min is 4
2023-08-23 12:20:20.324  INFO 20300 --- [restartedMain] com.netflix.discovery.DiscoveryClient    : Discovery Client initialized at timestamp 1692804020323 with initial instances count: 0
2023-08-23 12:20:20.326  INFO 20300 --- [restartedMain] o.s.c.n.e.s.EurekaServiceRegistry        : Registering application MSAVALIADORCREDITO with eureka with status UP
2023-08-23 12:20:20.326  INFO 20300 --- [restartedMain] com.netflix.discovery.DiscoveryClient    : Saw local status change event StatusChangeEvent [timestamp=1692804020326, current=UP, previous=STARTING]
2023-08-23 12:20:20.327  INFO 20300 --- [DiscoveryClient-InstanceInfoReplicator-0] com.netflix.discovery.DiscoveryClient    : DiscoveryClient_MSAVALIADORCREDITO/msavaliadorcredito:a387518d9b4a21c6aa2a08e0028506e9: registering service...
2023-08-23 12:20:20.507  INFO 20300 --- [restartedMain] i.g.c.m.AvaliadorCreditoApplication      : Started AvaliadorCreditoApplication in 5.529 seconds (JVM running for 6.347)
2023-08-23 12:20:20.524  INFO 20300 --- [DiscoveryClient-InstanceInfoReplicator-0] com.netflix.discovery.DiscoveryClient    : DiscoveryClient_MSAVALIADORCREDITO/msavaliadorcredito:a387518d9b4a21c6aa2a08e0028506e9 - registration status: 204
2023-08-23 12:20:20.895  INFO 20300 --- [RMI TCP Connection(3)-10.0.1.114] o.s.a.r.c.CachingConnectionFactory       : Attempting to connect to: [localhost:5672]
2023-08-23 12:20:20.896  INFO 20300 --- [RMI TCP Connection(1)-10.0.1.114] o.a.c.c.C.[Tomcat].[localhost].[/]       : Initializing Spring DispatcherServlet 'dispatcherServlet'
2023-08-23 12:20:20.897  INFO 20300 --- [RMI TCP Connection(1)-10.0.1.114] o.s.web.servlet.DispatcherServlet        : Initializing Servlet 'dispatcherServlet'
2023-08-23 12:20:20.902  INFO 20300 --- [RMI TCP Connection(1)-10.0.1.114] o.s.web.servlet.DispatcherServlet        : Completed initialization in 5 ms
2023-08-23 12:20:20.977  INFO 20300 --- [RMI TCP Connection(3)-10.0.1.114] o.s.a.r.c.CachingConnectionFactory       : Created new connection: rabbitConnectionFactory#782bf6c8:0/SimpleConnection@737472ae [delegate=amqp://guest@127.0.0.1:5672/, localPort= 53473]
2023-08-23 12:20:50.330  INFO 20300 --- [DiscoveryClient-CacheRefreshExecutor-0] com.netflix.discovery.DiscoveryClient    : Disable delta property : false
2023-08-23 12:20:50.331  INFO 20300 --- [DiscoveryClient-CacheRefreshExecutor-0] com.netflix.discovery.DiscoveryClient    : Single vip registry refresh property : null
2023-08-23 12:20:50.331  INFO 20300 --- [DiscoveryClient-CacheRefreshExecutor-0] com.netflix.discovery.DiscoveryClient    : Force full registry fetch : false
2023-08-23 12:20:50.331  INFO 20300 --- [DiscoveryClient-CacheRefreshExecutor-0] com.netflix.discovery.DiscoveryClient    : Application is null : false
2023-08-23 12:20:50.331  INFO 20300 --- [DiscoveryClient-CacheRefreshExecutor-0] com.netflix.discovery.DiscoveryClient    : Registered Applications size is zero : true
2023-08-23 12:20:50.331  INFO 20300 --- [DiscoveryClient-CacheRefreshExecutor-0] com.netflix.discovery.DiscoveryClient    : Application version is -1: false
2023-08-23 12:20:50.331  INFO 20300 --- [DiscoveryClient-CacheRefreshExecutor-0] com.netflix.discovery.DiscoveryClient    : Getting all instance registry info from the eureka server
2023-08-23 12:20:50.350  INFO 20300 --- [DiscoveryClient-CacheRefreshExecutor-0] com.netflix.discovery.DiscoveryClient    : The response status is 200
